Here is a log of failed students:
Just failed student Laureen.  Feels good!
Just failed student Mabel.  Feels good!
Just failed student Anita.  Feels good!
Just failed student Gale.  Feels good!
Just failed student Nenita.  Feels good!
Just failed student Chauncey.  Feels good!
Just failed student Coleman.  Feels good!
Just failed student Cletus.  Feels good!
Just failed student Mindy.  Feels good!
Just failed student Yuki.  Feels good!
Just failed student Delena.  Feels good!
Just failed student Erasmo.  Feels good!
Just failed student Mike.  Feels good!
Just failed student Celestine.  Feels good!
Just failed student Meda.  Feels good!
Just failed student Sergio.  Feels good!
Just failed student Milagro.  Feels good!
Just failed student Leta.  Feels good!
Just failed student Haydee.  Feels good!
Just failed student Pedro.  Feels good!
Just failed student Thalia.  Feels good!
Just failed student Zetta.  Feels good!
Just failed student Delmer.  Feels good!
Just failed student Sung.  Feels good!
Just failed student Kami.  Feels good!
Just failed student Ellis.  Feels good!
Just failed student Guadalupe.  Feels good!
Just failed student Kina.  Feels good!
Just failed student Marlena.  Feels good!
Just failed student Valentine.  Feels good!
Just failed student Ouida.  Feels good!
Just failed student Cassi.  Feels good!
Just failed student Lucas.  Feels good!
Just failed student Lai.  Feels good!
Just failed student Wendell.  Feels good!
Just failed student Nicole.  Feels good!
Just failed student Jeramy.  Feels good!
Just failed student Hanh.  Feels good!
Just failed student Merry.  Feels good!
Just failed student Otilia.  Feels good!
Just failed student Shanae.  Feels good!
Just failed student Angie.  Feels good!
Just failed student Marna.  Feels good!
Just failed student Lucile.  Feels good!
Just failed student Gino.  Feels good!
Just failed student Louisa.  Feels good!
Just failed student Summer.  Feels good!
Just failed student Winter.  Feels good!
Just failed student Cheree.  Feels good!
